\BOOKMARK [1][-]{section.1}{\376\377\137\025\212\000}{}% 1
\BOOKMARK [1][-]{section.2}{\376\377\163\257\130\203\213\276\133\232}{}% 2
\BOOKMARK [2][-]{subsection.2.1}{\376\377\117\233\136\224\224\376\176\323\147\204}{section.2}% 3
\BOOKMARK [2][-]{subsection.2.2}{\376\377\000t\000+\0001\000\040\122\060\215\047\147\072\122\066}{section.2}% 4
\BOOKMARK [2][-]{subsection.2.3}{\376\377\131\126\122\261\121\375\145\160}{section.2}% 5
\BOOKMARK [1][-]{section.3}{\376\377\173\227\154\325\213\276\213\241}{}% 6
\BOOKMARK [2][-]{subsection.3.1}{\376\377\000D\000Q\000N\000\040\174\373\122\027\127\372\176\277}{section.3}% 7
\BOOKMARK [2][-]{subsection.3.2}{\376\377\000P\000P\000O\000\040\133\236\163\260\116\016\145\071\217\333}{section.3}% 8
\BOOKMARK [3][-]{subsubsection.3.2.1}{\376\377\127\372\170\100\000\040\000P\000P\000O}{subsection.3.2}% 9
\BOOKMARK [3][-]{subsubsection.3.2.2}{\376\377\172\063\133\232\123\026\142\200\135\347}{subsection.3.2}% 10
\BOOKMARK [3][-]{subsubsection.3.2.3}{\376\377\173\227\154\325\142\151\134\125}{subsection.3.2}% 11
\BOOKMARK [2][-]{subsection.3.3}{\376\377\000S\000A\000C\000\040\127\372\176\277}{section.3}% 12
\BOOKMARK [1][-]{section.4}{\376\377\133\236\232\214\213\276\177\156}{}% 13
\BOOKMARK [2][-]{subsection.4.1}{\376\377\215\205\123\302\145\160\116\016\213\255\176\303\155\101\172\013}{section.4}% 14
\BOOKMARK [2][-]{subsection.4.2}{\376\377\213\304\117\060\143\007\150\007}{section.4}% 15
\BOOKMARK [1][-]{section.5}{\376\377\133\236\232\214\176\323\147\234}{}% 16
\BOOKMARK [2][-]{subsection.5.1}{\376\377\173\227\154\325\155\210\207\215\176\323\147\234}{section.5}% 17
\BOOKMARK [2][-]{subsection.5.2}{\376\377\176\323\147\234\122\006\147\220}{section.5}% 18
\BOOKMARK [2][-]{subsection.5.3}{\376\377\213\255\176\303\146\362\176\277}{section.5}% 19
\BOOKMARK [2][-]{subsection.5.4}{\376\377\173\126\165\145\210\114\116\072\133\371\153\324}{section.5}% 20
\BOOKMARK [2][-]{subsection.5.5}{\376\377\200\314\146\157\173\126\165\145\116\016\131\032\146\172\200\375\117\123\142\151\134\125}{section.5}% 21
\BOOKMARK [1][-]{section.6}{\376\377\150\070\137\303\116\343\170\001\213\364\146\016}{}% 22
\BOOKMARK [1][-]{section.7}{\376\377\213\250\213\272\116\016\147\052\147\145\135\345\117\134}{}% 23
\BOOKMARK [2][-]{subsection.7.1}{\376\377\000P\000P\000O\000\040\134\032\147\052\172\063\133\232\215\205\217\307\000\040\000D\000Q\000N\000\040\166\204\123\357\200\375\123\237\126\340}{section.7}% 24
\BOOKMARK [2][-]{subsection.7.2}{\376\377\124\016\176\355\145\271\124\021}{section.7}% 25
\BOOKMARK [1][-]{section.8}{\376\377\176\323\213\272}{}% 26
